<?xml version="1.0" encoding="UTF-8"?>
<!-- Generated by org.testng.reporters.JUnitXMLReporter -->
<testsuite hostname="DESKTOP-CHGLAQ3" ignored="0" name="Default test" tests="6" failures="0" timestamp="2022-08-14T20:22:11 IST" time="55.666" errors="0">
  <testcase name="invalidCredentails" time="9.612" classname="com.magento.testCases.DataDriventTest"/>
  <testcase name="invalidCredentails" time="9.101" classname="com.magento.testCases.DataDriventTest"/>
  <testcase name="invalidCredentails" time="7.919" classname="com.magento.testCases.DataDriventTest"/>
  <testcase name="invalidCredentails" time="9.648" classname="com.magento.testCases.DataDriventTest"/>
  <testcase name="invalidCredentails" time="9.022" classname="com.magento.testCases.DataDriventTest"/>
  <testcase name="invalidCredentails" time="9.165" classname="com.magento.testCases.DataDriventTest"/>
</testsuite> <!-- Default test -->
