<?xml version="1.0" encoding="UTF-8"?>
<testng-results skipped="0" failed="0" ignored="0" total="1" passed="1">
  <reporter-output>
  </reporter-output>
  <suite name="Suite" duration-ms="14224" started-at="2022-08-20T19:26:53 IST" finished-at="2022-08-20T19:27:07 IST">
    <groups>
    </groups>
    <test name="Test" duration-ms="14224" started-at="2022-08-20T19:26:53 IST" finished-at="2022-08-20T19:27:07 IST">
      <class name="com.magento.testCases.LoginTest">
        <test-method status="PASS" signature="generateReport()[pri:0, instance:com.magento.testCases.LoginTest@704a52ec]" name="generateReport" is-config="true" duration-ms="248" started-at="2022-08-20T19:26:53 IST" finished-at="2022-08-20T19:26:53 IST">
          <reporter-output>
          </reporter-output>
        </test-method> <!-- generateReport -->
        <test-method status="PASS" signature="setUp()[pri:0, instance:com.magento.testCases.LoginTest@704a52ec]" name="setUp" is-config="true" duration-ms="7661" started-at="2022-08-20T19:26:53 IST" finished-at="2022-08-20T19:27:01 IST">
          <reporter-output>
          </reporter-output>
        </test-method> <!-- setUp -->
        <test-method status="PASS" signature="validLogin()[pri:0, instance:com.magento.testCases.LoginTest@704a52ec]" name="validLogin" duration-ms="1011" started-at="2022-08-20T19:27:01 IST" finished-at="2022-08-20T19:27:02 IST">
          <reporter-output>
          </reporter-output>
        </test-method> <!-- validLogin -->
        <test-method status="PASS" signature="tearDown()[pri:0, instance:com.magento.testCases.LoginTest@704a52ec]" name="tearDown" is-config="true" duration-ms="986" started-at="2022-08-20T19:27:06 IST" finished-at="2022-08-20T19:27:07 IST">
          <reporter-output>
          </reporter-output>
        </test-method> <!-- tearDown -->
        <test-method status="PASS" signature="writeReport()[pri:0, instance:com.magento.testCases.LoginTest@704a52ec]" name="writeReport" is-config="true" duration-ms="437" started-at="2022-08-20T19:27:07 IST" finished-at="2022-08-20T19:27:07 IST">
          <reporter-output>
          </reporter-output>
        </test-method> <!-- writeReport -->
      </class> <!-- com.magento.testCases.LoginTest -->
    </test> <!-- Test -->
  </suite> <!-- Suite -->
</testng-results>
